<?xml version="1.0" encoding="UTF-8"?>
<!-- Generated by org.testng.reporters.JUnitReportReporter -->
<testsuite hostname="DESKTOP-IKL7DTL" failures="0" tests="1" name="TestCases.BuyShare" time="52.176" errors="0" timestamp="2020-04-16T10:36:48 IST" skipped="0">
  <testcase classname="TestCases.BuyShare" name="buyShare" time="52.176"/>
  <system-out/>
</testsuite> <!-- TestCases.BuyShare -->
